#
# There is insufficient memory for the Java Runtime Environment to continue.
# Native memory allocation (malloc) failed to allocate 1703424 bytes for Chunk::new
# Possible reasons:
#   The system is out of physical RAM or swap space
#   In 32 bit mode, the process size limit was hit
# Possible solutions:
#   Reduce memory load on the system
#   Increase physical memory or swap space
#   Check if swap backing store is full
#   Use 64 bit Java on a 64 bit OS
#   Decrease Java heap size (-Xmx/-Xms)
#   Decrease number of Java threads
#   Decrease Java thread stack sizes (-Xss)
#   Set larger code cache with -XX:ReservedCodeCacheSize=
# This output file may be truncated or incomplete.
#
#  Out of Memory Error (allocation.cpp:390), pid=16860, tid=0x0000000000004ae8
#
# JRE version: OpenJDK Runtime Environment (8.0_152-b01) (build 1.8.0_152-release-1248-b01)
# Java VM: OpenJDK 64-Bit Server VM (25.152-b01 mixed mode windows-amd64 compressed oops)
# Failed to write core dump. Minidumps are not enabled by default on client versions of Windows
#

---------------  T H R E A D  ---------------

Current thread (0x0000000015f5c000):  JavaThread "C2 CompilerThread1" daemon [_thread_in_native, id=19176, stack(0x00000000176c0000,0x00000000177c0000)]

Stack: [0x00000000176c0000,0x00000000177c0000]
[error occurred during error reporting (printing stack bounds), id 0xc0000005]

Native frames: (J=compiled Java code, j=interpreted, Vv=VM code, C=native code)


Current CompileTask:
C2:  45268 9150       4       com.sun.beans.TypeResolver::resolve (37 bytes)


---------------  P R O C E S S  ---------------

Java Threads: ( => current thread )
  0x000000001e420000 JavaThread "Build operations Thread 4" [_thread_blocked, id=4332, stack(0x0000000026670000,0x0000000026770000)]
  0x000000001e423800 JavaThread "Build operations Thread 3" [_thread_blocked, id=1288, stack(0x0000000026570000,0x0000000026670000)]
  0x000000001e422000 JavaThread "Build operations Thread 2" [_thread_blocked, id=10864, stack(0x0000000026470000,0x0000000026570000)]
  0x000000001e424800 JavaThread "Build operations" [_thread_blocked, id=13172, stack(0x0000000026370000,0x0000000026470000)]
  0x000000001e418800 JavaThread "Cache worker for cache directory md-rule (C:\Users\black\.gradle\caches\4.10.1\md-rule)" [_thread_blocked, id=18632, stack(0x0000000026270000,0x0000000026370000)]
  0x000000001e41f000 JavaThread "Cache worker for cache directory md-supplier (C:\Users\black\.gradle\caches\4.10.1\md-supplier)" [_thread_blocked, id=1636, stack(0x0000000026170000,0x0000000026270000)]
  0x000000001e41d000 JavaThread "Cache worker for file hash cache (C:\Users\black\AndroidStudioProjects\sandwichclubstartercodemaster3\.gradle\4.10.1\fileHashes)" [_thread_blocked, id=8564, stack(0x0000000026070000,0x0000000026170000)]
  0x000000001e41b800 JavaThread "Stdin handler" [_thread_blocked, id=17660, stack(0x0000000025f70000,0x0000000026070000)]
  0x000000001e41a800 JavaThread "Asynchronous log dispatcher for DefaultDaemonConnection: socket connection from /127.0.0.1:65391 to /127.0.0.1:65414" [_thread_blocked, id=2628, stack(0x0000000025e70000,0x0000000025f70000)]
  0x000000001e41d800 JavaThread "Cancel handler" [_thread_blocked, id=10484, stack(0x0000000025d70000,0x0000000025e70000)]
  0x000000001e419000 JavaThread "Handler for socket connection from /127.0.0.1:65391 to /127.0.0.1:65414" [_thread_in_native, id=19212, stack(0x0000000025c70000,0x0000000025d70000)]
  0x000000001e426800 JavaThread "Cache worker for file content cache (C:\Users\black\.gradle\caches\4.10.1\fileContent)" [_thread_blocked, id=11096, stack(0x0000000025570000,0x0000000025670000)]
  0x000000001e425000 JavaThread "Memory manager" [_thread_blocked, id=18392, stack(0x0000000025470000,0x0000000025570000)]
  0x000000001e41c000 JavaThread "pool-1-thread-1" [_thread_blocked, id=17636, stack(0x00000000216b0000,0x00000000217b0000)]
  0x00000000194f4800 JavaThread "Cache worker for Artifact transforms cache (C:\Users\black\.gradle\caches\transforms-1)" [_thread_blocked, id=15984, stack(0x000000001f6d0000,0x000000001f7d0000)]
  0x00000000194f4000 JavaThread "Cache worker for journal cache (C:\Users\black\.gradle\caches\journal-1)" [_thread_blocked, id=496, stack(0x000000001cbd0000,0x000000001ccd0000)]
  0x000000001aabf000 JavaThread "File lock request listener" [_thread_in_native, id=14032, stack(0x000000001ba00000,0x000000001bb00000)]
  0x00000000194e7800 JavaThread "Cache worker for file hash cache (C:\Users\black\.gradle\caches\4.10.1\fileHashes)" [_thread_blocked, id=12816, stack(0x000000001b900000,0x000000001ba00000)]
  0x00000000190aa800 JavaThread "Daemon worker" [_thread_in_native, id=14372, stack(0x000000001a230000,0x000000001a330000)]
  0x0000000019086800 JavaThread "Daemon" [_thread_blocked, id=14452, stack(0x0000000019f30000,0x000000001a030000)]
  0x0000000018cdc000 JavaThread "Daemon periodic checks" [_thread_blocked, id=8084, stack(0x0000000019e30000,0x0000000019f30000)]
  0x0000000018ccc800 JavaThread "Incoming local TCP Connector on port 65391" [_thread_in_native, id=17552, stack(0x0000000019bd0000,0x0000000019cd0000)]
  0x00000000178e9800 JavaThread "Service Thread" daemon [_thread_blocked, id=4736, stack(0x0000000017cc0000,0x0000000017dc0000)]
  0x0000000015f5e800 JavaThread "C1 CompilerThread2" daemon [_thread_in_native, id=10192, stack(0x00000000177c0000,0x00000000178c0000)]
=>0x0000000015f5c000 JavaThread "C2 CompilerThread1" daemon [_thread_in_native, id=19176, stack(0x00000000176c0000,0x00000000177c0000)]
  0x0000000015f6a000 JavaThread "C2 CompilerThread0" daemon [_thread_in_vm, id=12064, stack(0x00000000175c0000,0x00000000176c0000)]
  0x0000000015f67800 JavaThread "Attach Listener" daemon [_thread_blocked, id=14900, stack(0x00000000174c0000,0x00000000175c0000)]
  0x0000000015f66800 JavaThread "Signal Dispatcher" daemon [_thread_blocked, id=10868, stack(0x00000000173c0000,0x00000000174c0000)]
  0x00000000025ec800 JavaThread "Finalizer" daemon [_thread_blocked, id=15308, stack(0x00000000171b0000,0x00000000172b0000)]
  0x00000000025e1800 JavaThread "Reference Handler" daemon [_thread_blocked, id=19320, stack(0x00000000170b0000,0x00000000171b0000)]
  0x00000000024f2800 JavaThread "main" [_thread_blocked, id=2028, stack(0x00000000023f0000,0x00000000024f0000)]

Other Threads:
  0x0000000015f28000 VMThread [stack: 0x0000000016fb0000,0x00000000170b0000] [id=8784]
  0x00000000178f2000 WatcherThread [stack: 0x0000000017dc0000,0x0000000017ec0000] [id=4964]

VM state:not at safepoint (normal execution)

VM Mutex/Monitor currently owned by a thread: None

Heap:
 PSYoungGen      total 138240K, used 13615K [0x00000000e0000000, 0x00000000ea000000, 0x0000000100000000)
  eden space 120320K, 3% used [0x00000000e0000000,0x00000000e03f0878,0x00000000e7580000)
  from space 17920K, 53% used [0x00000000e7580000,0x00000000e7edb6d8,0x00000000e8700000)
  to   space 15872K, 0% used [0x00000000e8700000,0x00000000e8700000,0x00000000e9680000)
 ParOldGen       total 96256K, used 39059K [0x00000000a0000000, 0x00000000a5e00000, 0x00000000e0000000)
  object space 96256K, 40% used [0x00000000a0000000,0x00000000a2624ed0,0x00000000a5e00000)
 Metaspace       used 69669K, capacity 71838K, committed 72192K, reserved 1112064K
  class space    used 9038K, capacity 9621K, committed 9728K, reserved 1048576K

Card table byte_map: [0x00000000119b0000,0x0000000011cc0000] byte_map_base: 0x00000000114b0000

Marking Bits: (ParMarkBitMap*) 0x000000006eec5aa0
 Begin Bits: [0x00000000122c0000, 0x0000000013ac0000)
 End Bits:   [0x0000000013ac0000, 0x00000000152c0000)

Polling page: 0x0000000002300000

CodeCache: size=245760Kb used=26105Kb max_used=26105Kb free=219654Kb
 bounds [0x00000000025f0000, 0x0000000003f90000, 0x00000000115f0000]
 total_blobs=8886 nmethods=8045 adapters=753
 compilation: enabled

Compilation events (10 events):
Event: 45.253 Thread 0x0000000015f5e800 9324       3       java.util.stream.AbstractPipeline::evaluate (94 bytes)
Event: 45.253 Thread 0x0000000015f5e800 nmethod 9324 0x0000000003f7d550 code [0x0000000003f7d740, 0x0000000003f7de48]
Event: 45.253 Thread 0x0000000015f5e800 9325       3       java.util.stream.Sink::end (1 bytes)
Event: 45.253 Thread 0x0000000015f5e800 nmethod 9325 0x0000000003f78150 code [0x0000000003f782a0, 0x0000000003f783f0]
Event: 45.253 Thread 0x0000000015f5e800 9327       3       org.gradle.api.internal.artifacts.configurations.DefaultConfiguration::<init> (562 bytes)
Event: 45.254 Thread 0x0000000015f6a000 nmethod 9320 0x0000000003f77d10 code [0x0000000003f77e60, 0x0000000003f77f98]
Event: 45.255 Thread 0x0000000015f6a000 9329       4       org.gradle.api.artifacts.Configuration$Namer::determineName (9 bytes)
Event: 45.256 Thread 0x0000000015f6a000 nmethod 9329 0x0000000003f80dd0 code [0x0000000003f80f20, 0x0000000003f80fd8]
Event: 45.256 Thread 0x0000000015f6a000 9334       4       com.google.common.collect.RegularImmutableList::get (21 bytes)
Event: 45.257 Thread 0x0000000015f6a000 nmethod 9334 0x0000000003f810d0 code [0x0000000003f81220, 0x0000000003f812f8]

GC Heap History (10 events):
Event: 11.096 GC heap before
{Heap before GC invocations=14 (full 2):
 PSYoungGen      total 112640K, used 112629K [0x00000000e0000000, 0x00000000e9680000, 0x0000000100000000)
  eden space 99328K, 100% used [0x00000000e0000000,0x00000000e6100000,0x00000000e6100000)
  from space 13312K, 99% used [0x00000000e6100000,0x00000000e6dfd518,0x00000000e6e00000)
  to   space 15872K, 0% used [0x00000000e8700000,0x00000000e8700000,0x00000000e9680000)
 ParOldGen       total 96256K, used 19234K [0x00000000a0000000, 0x00000000a5e00000, 0x00000000e0000000)
  object space 96256K, 19% used [0x00000000a0000000,0x00000000a12c8b80,0x00000000a5e00000)
 Metaspace       used 49136K, capacity 50150K, committed 50432K, reserved 1093632K
  class space    used 6532K, capacity 6846K, committed 6912K, reserved 1048576K
Event: 11.115 GC heap after
Heap after GC invocations=14 (full 2):
 PSYoungGen      total 136192K, used 15856K [0x00000000e0000000, 0x00000000ea000000, 0x0000000100000000)
  eden space 120320K, 0% used [0x00000000e0000000,0x00000000e0000000,0x00000000e7580000)
  from space 15872K, 99% used [0x00000000e8700000,0x00000000e967c228,0x00000000e9680000)
  to   space 17920K, 0% used [0x00000000e7580000,0x00000000e7580000,0x00000000e8700000)
 ParOldGen       total 96256K, used 19495K [0x00000000a0000000, 0x00000000a5e00000, 0x00000000e0000000)
  object space 96256K, 20% used [0x00000000a0000000,0x00000000a1309c20,0x00000000a5e00000)
 Metaspace       used 49136K, capacity 50150K, committed 50432K, reserved 1093632K
  class space    used 6532K, capacity 6846K, committed 6912K, reserved 1048576K
}
Event: 12.837 GC heap before
{Heap before GC invocations=15 (full 2):
 PSYoungGen      total 136192K, used 134180K [0x00000000e0000000, 0x00000000ea000000, 0x0000000100000000)
  eden space 120320K, 98% used [0x00000000e0000000,0x00000000e738ce18,0x00000000e7580000)
  from space 15872K, 99% used [0x00000000e8700000,0x00000000e967c228,0x00000000e9680000)
  to   space 17920K, 0% used [0x00000000e7580000,0x00000000e7580000,0x00000000e8700000)
 ParOldGen       total 96256K, used 19495K [0x00000000a0000000, 0x00000000a5e00000, 0x00000000e0000000)
  object space 96256K, 20% used [0x00000000a0000000,0x00000000a1309c20,0x00000000a5e00000)
 Metaspace       used 57524K, capacity 58984K, committed 59028K, reserved 1099776K
  class space    used 7765K, capacity 8161K, committed 8192K, reserved 1048576K
Event: 12.890 GC heap after
Heap after GC invocations=15 (full 2):
 PSYoungGen      total 138240K, used 14386K [0x00000000e0000000, 0x00000000ea000000, 0x0000000100000000)
  eden space 120320K, 0% used [0x00000000e0000000,0x00000000e0000000,0x00000000e7580000)
  from space 17920K, 80% used [0x00000000e7580000,0x00000000e838c890,0x00000000e8700000)
  to   space 15872K, 0% used [0x00000000e8700000,0x00000000e8700000,0x00000000e9680000)
 ParOldGen       total 96256K, used 31128K [0x00000000a0000000, 0x00000000a5e00000, 0x00000000e0000000)
  object space 96256K, 32% used [0x00000000a0000000,0x00000000a1e66128,0x00000000a5e00000)
 Metaspace       used 57524K, capacity 58984K, committed 59028K, reserved 1099776K
  class space    used 7765K, capacity 8161K, committed 8192K, reserved 1048576K
}
Event: 12.890 GC heap before
{Heap before GC invocations=16 (full 3):
 PSYoungGen      total 138240K, used 14386K [0x00000000e0000000, 0x00000000ea000000, 0x0000000100000000)
  eden space 120320K, 0% used [0x00000000e0000000,0x00000000e0000000,0x00000000e7580000)
  from space 17920K, 80% used [0x00000000e7580000,0x00000000e838c890,0x00000000e8700000)
  to   space 15872K, 0% used [0x00000000e8700000,0x00000000e8700000,0x00000000e9680000)
 ParOldGen       total 96256K, used 31128K [0x00000000a0000000, 0x00000000a5e00000, 0x00000000e0000000)
  object space 96256K, 32% used [0x00000000a0000000,0x00000000a1e66128,0x00000000a5e00000)
 Metaspace       used 57524K, capacity 58984K, committed 59028K, reserved 1099776K
  class space    used 7765K, capacity 8161K, committed 8192K, reserved 1048576K
Event: 13.180 GC heap after
Heap after GC invocations=16 (full 3):
 PSYoungGen      total 138240K, used 0K [0x00000000e0000000, 0x00000000ea000000, 0x0000000100000000)
  eden space 120320K, 0% used [0x00000000e0000000,0x00000000e0000000,0x00000000e7580000)
  from space 17920K, 0% used [0x00000000e7580000,0x00000000e7580000,0x00000000e8700000)
  to   space 15872K, 0% used [0x00000000e8700000,0x00000000e8700000,0x00000000e9680000)
 ParOldGen       total 96256K, used 39043K [0x00000000a0000000, 0x00000000a5e00000, 0x00000000e0000000)
  object space 96256K, 40% used [0x00000000a0000000,0x00000000a2620ed0,0x00000000a5e00000)
 Metaspace       used 57524K, capacity 58984K, committed 59028K, reserved 1099776K
  class space    used 7765K, capacity 8161K, committed 8192K, reserved 1048576K
}
Event: 32.372 GC heap before
{Heap before GC invocations=17 (full 3):
 PSYoungGen      total 138240K, used 120320K [0x00000000e0000000, 0x00000000ea000000, 0x0000000100000000)
  eden space 120320K, 100% used [0x00000000e0000000,0x00000000e7580000,0x00000000e7580000)
  from space 17920K, 0% used [0x00000000e7580000,0x00000000e7580000,0x00000000e8700000)
  to   space 15872K, 0% used [0x00000000e8700000,0x00000000e8700000,0x00000000e9680000)
 ParOldGen       total 96256K, used 39043K [0x00000000a0000000, 0x00000000a5e00000, 0x00000000e0000000)
  object space 96256K, 40% used [0x00000000a0000000,0x00000000a2620ed0,0x00000000a5e00000)
 Metaspace       used 66647K, capacity 68300K, committed 68480K, reserved 1107968K
  class space    used 8653K, capacity 9087K, committed 9088K, reserved 1048576K
Event: 32.389 GC heap after
Heap after GC invocations=17 (full 3):
 PSYoungGen      total 136192K, used 11876K [0x00000000e0000000, 0x00000000ea000000, 0x0000000100000000)
  eden space 120320K, 0% used [0x00000000e0000000,0x00000000e0000000,0x00000000e7580000)
  from space 15872K, 74% used [0x00000000e8700000,0x00000000e92992f0,0x00000000e9680000)
  to   space 17920K, 0% used [0x00000000e7580000,0x00000000e7580000,0x00000000e8700000)
 ParOldGen       total 96256K, used 39051K [0x00000000a0000000, 0x00000000a5e00000, 0x00000000e0000000)
  object space 96256K, 40% used [0x00000000a0000000,0x00000000a2622ed0,0x00000000a5e00000)
 Metaspace       used 66647K, capacity 68300K, committed 68480K, reserved 1107968K
  class space    used 8653K, capacity 9087K, committed 9088K, reserved 1048576K
}
Event: 45.230 GC heap before
{Heap before GC invocations=18 (full 3):
 PSYoungGen      total 136192K, used 132196K [0x00000000e0000000, 0x00000000ea000000, 0x0000000100000000)
  eden space 120320K, 100% used [0x00000000e0000000,0x00000000e7580000,0x00000000e7580000)
  from space 15872K, 74% used [0x00000000e8700000,0x00000000e92992f0,0x00000000e9680000)
  to   space 17920K, 0% used [0x00000000e7580000,0x00000000e7580000,0x00000000e8700000)
 ParOldGen       total 96256K, used 39051K [0x00000000a0000000, 0x00000000a5e00000, 0x00000000e0000000)
  object space 96256K, 40% used [0x00000000a0000000,0x00000000a2622ed0,0x00000000a5e00000)
 Metaspace       used 69653K, capacity 71764K, committed 71936K, reserved 1112064K
  class space    used 9038K, capacity 9620K, committed 9728K, reserved 1048576K
Event: 45.245 GC heap after
Heap after GC invocations=18 (full 3):
 PSYoungGen      total 138240K, used 9581K [0x00000000e0000000, 0x00000000ea000000, 0x0000000100000000)
  eden space 120320K, 0% used [0x00000000e0000000,0x00000000e0000000,0x00000000e7580000)
  from space 17920K, 53% used [0x00000000e7580000,0x00000000e7edb6d8,0x00000000e8700000)
  to   space 15872K, 0% used [0x00000000e8700000,0x00000000e8700000,0x00000000e9680000)
 ParOldGen       total 96256K, used 39059K [0x00000000a0000000, 0x00000000a5e00000, 0x00000000e0000000)
  object space 96256K, 40% used [0x00000000a0000000,0x00000000a2624ed0,0x00000000a5e00000)
 Metaspace       used 69653K, capacity 71764K, committed 71936K, reserved 1112064K
  class space    used 9038K, capacity 9620K, committed 9728K, reserved 1048576K
}

Deoptimization events (10 events):
Event: 44.591 Thread 0x00000000190aa800 Uncommon trap: reason=unstable_if action=reinterpret pc=0x00000000038ae064 method=org.gradle.internal.file.DefaultFileHierarchySet$Node.isChildOfOrThis(Ljava/lang/String;I)Z @ 23
Event: 44.670 Thread 0x00000000190aa800 Uncommon trap: reason=unstable_if action=reinterpret pc=0x00000000039c41c4 method=java.lang.ClassLoader.checkCerts(Ljava/lang/String;Ljava/security/CodeSource;)V @ 29
Event: 44.684 Thread 0x00000000190aa800 Uncommon trap: reason=class_check action=maybe_recompile pc=0x000000000316d7d0 method=org.codehaus.groovy.reflection.ParameterTypes.getParametersTypes0()V @ 16
Event: 44.751 Thread 0x00000000190aa800 Uncommon trap: reason=unstable_if action=reinterpret pc=0x0000000003aedc68 method=org.codehaus.groovy.runtime.metaclass.MetaMethodIndex.copyNonPrivateNonNewMetaMethods(Lorg/codehaus/groovy/runtime/metaclass/MetaMethodIndex$Entry;Lorg/codehaus/groovy/runti
Event: 44.811 Thread 0x00000000190aa800 Uncommon trap: reason=class_check action=maybe_recompile pc=0x000000000316d7d0 method=org.codehaus.groovy.reflection.ParameterTypes.getParametersTypes0()V @ 16
Event: 44.811 Thread 0x00000000190aa800 Uncommon trap: reason=class_check action=maybe_recompile pc=0x000000000316d7d0 method=org.codehaus.groovy.reflection.ParameterTypes.getParametersTypes0()V @ 16
Event: 44.811 Thread 0x00000000190aa800 Uncommon trap: reason=class_check action=maybe_recompile pc=0x000000000316d7d0 method=org.codehaus.groovy.reflection.ParameterTypes.getParametersTypes0()V @ 16
Event: 44.840 Thread 0x00000000190aa800 Uncommon trap: reason=bimorphic action=maybe_recompile pc=0x00000000030012c0 method=org.codehaus.groovy.runtime.metaclass.MetaMethodIndex.addMethodToList(Ljava/lang/Object;Lgroovy/lang/MetaMethod;)Ljava/lang/Object; @ 96
Event: 44.972 Thread 0x000000001e422000 Uncommon trap: reason=unstable_if action=reinterpret pc=0x0000000003c6efa0 method=org.gradle.internal.time.MonotonicClock.advance(J)J @ 25
Event: 45.245 Thread 0x00000000025e1800 Uncommon trap: reason=unstable_if action=reinterpret pc=0x0000000002f752f4 method=java.lang.ref.Reference.tryHandlePending(Z)Z @ 20

Classes redefined (0 events):
No events

Internal exceptions (10 events):
Event: 45.206 Thread 0x00000000190aa800 Exception <a 'sun/nio/fs/WindowsException'> (0x00000000e74f9388) thrown at [D:\src\AOSP-openjdk-cygwin\jdk8u\hotspot\src\share\vm\prims\jni.cpp, line 709]
Event: 45.206 Thread 0x00000000190aa800 Exception <a 'sun/nio/fs/WindowsException'> (0x00000000e74fa1c8) thrown at [D:\src\AOSP-openjdk-cygwin\jdk8u\hotspot\src\share\vm\prims\jni.cpp, line 709]
Event: 45.206 Thread 0x00000000190aa800 Exception <a 'sun/nio/fs/WindowsException'> (0x00000000e74fc410) thrown at [D:\src\AOSP-openjdk-cygwin\jdk8u\hotspot\src\share\vm\prims\jni.cpp, line 709]
Event: 45.206 Thread 0x00000000190aa800 Exception <a 'sun/nio/fs/WindowsException'> (0x00000000e74fd290) thrown at [D:\src\AOSP-openjdk-cygwin\jdk8u\hotspot\src\share\vm\prims\jni.cpp, line 709]
Event: 45.207 Thread 0x00000000190aa800 Exception <a 'sun/nio/fs/WindowsException'> (0x00000000e7500c28) thrown at [D:\src\AOSP-openjdk-cygwin\jdk8u\hotspot\src\share\vm\prims\jni.cpp, line 709]
Event: 45.207 Thread 0x00000000190aa800 Exception <a 'sun/nio/fs/WindowsException'> (0x00000000e7501928) thrown at [D:\src\AOSP-openjdk-cygwin\jdk8u\hotspot\src\share\vm\prims\jni.cpp, line 709]
Event: 45.208 Thread 0x00000000190aa800 Exception <a 'sun/nio/fs/WindowsException'> (0x00000000e7503a30) thrown at [D:\src\AOSP-openjdk-cygwin\jdk8u\hotspot\src\share\vm\prims\jni.cpp, line 709]
Event: 45.208 Thread 0x00000000190aa800 Exception <a 'sun/nio/fs/WindowsException'> (0x00000000e7504770) thrown at [D:\src\AOSP-openjdk-cygwin\jdk8u\hotspot\src\share\vm\prims\jni.cpp, line 709]
Event: 45.210 Thread 0x00000000190aa800 Exception <a 'sun/nio/fs/WindowsException'> (0x00000000e750ab68) thrown at [D:\src\AOSP-openjdk-cygwin\jdk8u\hotspot\src\share\vm\prims\jni.cpp, line 709]
Event: 45.213 Thread 0x00000000190aa800 Exception <a 'sun/nio/fs/WindowsException'> (0x00000000e7514988) thrown at [D:\src\AOSP-openjdk-cygwin\jdk8u\hotspot\src\share\vm\prims\jni.cpp, line 709]

Events (10 events):
Event: 45.247 Executing VM operation: RevokeBias
Event: 45.248 Executing VM operation: RevokeBias done
Event: 45.248 Executing VM operation: RevokeBias
Event: 45.248 Executing VM operation: RevokeBias done
Event: 45.248 Executing VM operation: RevokeBias
Event: 45.248 Executing VM operation: RevokeBias done
Event: 45.248 Executing VM operation: RevokeBias
Event: 45.248 Executing VM operation: RevokeBias done
Event: 45.249 Executing VM operation: RevokeBias
Event: 45.249 Executing VM operation: RevokeBias done


Dynamic libraries:
0x00007ff757dd0000 - 0x00007ff757e01000 	C:\Program Files\Android\Android Studio1\jre\bin\java.exe
0x00007ffc6e980000 - 0x00007ffc6eb61000 	C:\WINDOWS\SYSTEM32\ntdll.dll
0x00007ffc6e260000 - 0x00007ffc6e312000 	C:\WINDOWS\System32\KERNEL32.DLL
0x00007ffc6b7e0000 - 0x00007ffc6ba53000 	C:\WINDOWS\System32\KERNELBASE.dll
0x00007ffc6dc70000 - 0x00007ffc6dd11000 	C:\WINDOWS\System32\ADVAPI32.dll
0x00007ffc6c320000 - 0x00007ffc6c3be000 	C:\WINDOWS\System32\msvcrt.dll
0x00007ffc6e200000 - 0x00007ffc6e25b000 	C:\WINDOWS\System32\sechost.dll
0x00007ffc6c3c0000 - 0x00007ffc6c4e4000 	C:\WINDOWS\System32\RPCRT4.dll
0x00007ffc6dda0000 - 0x00007ffc6df30000 	C:\WINDOWS\System32\USER32.dll
0x00007ffc6af10000 - 0x00007ffc6af30000 	C:\WINDOWS\System32\win32u.dll
0x00007ffc6df30000 - 0x00007ffc6df58000 	C:\WINDOWS\System32\GDI32.dll
0x00007ffc6ad20000 - 0x00007ffc6aeb2000 	C:\WINDOWS\System32\gdi32full.dll
0x00007ffc6af30000 - 0x00007ffc6afcf000 	C:\WINDOWS\System32\msvcp_win.dll
0x00007ffc6b6e0000 - 0x00007ffc6b7da000 	C:\WINDOWS\System32\ucrtbase.dll
0x00007ffc5c080000 - 0x00007ffc5c2e9000 	C:\WINDOWS\WinSxS\amd64_microsoft.windows.common-controls_6595b64144ccf1df_6.0.17134.523_none_fb409dd930672a56\COMCTL32.dll
0x00007ffc6e5f0000 - 0x00007ffc6e912000 	C:\WINDOWS\System32\combase.dll
0x00007ffc6bd60000 - 0x00007ffc6bdda000 	C:\WINDOWS\System32\bcryptPrimitives.dll
0x00007ffc6bea0000 - 0x00007ffc6becd000 	C:\WINDOWS\System32\IMM32.DLL
0x000000006e620000 - 0x000000006e6f2000 	C:\Program Files\Android\Android Studio1\jre\jre\bin\msvcr100.dll
0x000000006e700000 - 0x000000006ef41000 	C:\Program Files\Android\Android Studio1\jre\jre\bin\server\jvm.dll
0x00007ffc6e0c0000 - 0x00007ffc6e0c8000 	C:\WINDOWS\System32\PSAPI.DLL
0x00007ffc689d0000 - 0x00007ffc689f3000 	C:\WINDOWS\SYSTEM32\WINMM.dll
0x00007ffc5c590000 - 0x00007ffc5c59a000 	C:\WINDOWS\SYSTEM32\VERSION.dll
0x00007ffc698b0000 - 0x00007ffc698b9000 	C:\WINDOWS\SYSTEM32\WSOCK32.dll
0x00007ffc6e190000 - 0x00007ffc6e1fc000 	C:\WINDOWS\System32\WS2_32.dll
0x00007ffc689a0000 - 0x00007ffc689ca000 	C:\WINDOWS\SYSTEM32\winmmbase.dll
0x00007ffc6aec0000 - 0x00007ffc6af09000 	C:\WINDOWS\System32\cfgmgr32.dll
0x00007ffc5e4d0000 - 0x00007ffc5e4df000 	C:\Program Files\Android\Android Studio1\jre\jre\bin\verify.dll
0x00007ffc5aab0000 - 0x00007ffc5aad9000 	C:\Program Files\Android\Android Studio1\jre\jre\bin\java.dll
0x00007ffc5aa90000 - 0x00007ffc5aaa6000 	C:\Program Files\Android\Android Studio1\jre\jre\bin\zip.dll
0x00007ffc6c510000 - 0x00007ffc6d950000 	C:\WINDOWS\System32\SHELL32.dll
0x00007ffc6bde0000 - 0x00007ffc6be89000 	C:\WINDOWS\System32\shcore.dll
0x00007ffc6afd0000 - 0x00007ffc6b6dd000 	C:\WINDOWS\System32\windows.storage.dll
0x00007ffc6e130000 - 0x00007ffc6e181000 	C:\WINDOWS\System32\shlwapi.dll
0x00007ffc6acc0000 - 0x00007ffc6acd1000 	C:\WINDOWS\System32\kernel.appcore.dll
0x00007ffc6ad00000 - 0x00007ffc6ad1f000 	C:\WINDOWS\System32\profapi.dll
0x00007ffc6ac60000 - 0x00007ffc6acac000 	C:\WINDOWS\System32\powrprof.dll
0x00007ffc6acb0000 - 0x00007ffc6acba000 	C:\WINDOWS\System32\FLTLIB.DLL
0x00007ffc57230000 - 0x00007ffc5724a000 	C:\Program Files\Android\Android Studio1\jre\jre\bin\net.dll
0x00007ffc6a4e0000 - 0x00007ffc6a546000 	C:\WINDOWS\system32\mswsock.dll
0x00007ffc57210000 - 0x00007ffc57221000 	C:\Program Files\Android\Android Studio1\jre\jre\bin\nio.dll
0x00007ffc51180000 - 0x00007ffc5119e000 	C:\Users\black\.gradle\native\25\windows-amd64\native-platform.dll
0x00007ffc5b040000 - 0x00007ffc5b04d000 	C:\Program Files\Android\Android Studio1\jre\jre\bin\management.dll
0x00007ffc6a690000 - 0x00007ffc6a6a7000 	C:\WINDOWS\SYSTEM32\CRYPTSP.dll
0x00007ffc6a0c0000 - 0x00007ffc6a0f3000 	C:\WINDOWS\system32\rsaenh.dll
0x00007ffc6a7c0000 - 0x00007ffc6a7e5000 	C:\WINDOWS\SYSTEM32\bcrypt.dll
0x00007ffc6ab90000 - 0x00007ffc6abb8000 	C:\WINDOWS\SYSTEM32\USERENV.dll
0x00007ffc6a6b0000 - 0x00007ffc6a6bb000 	C:\WINDOWS\SYSTEM32\CRYPTBASE.dll
0x00007ffc6a260000 - 0x00007ffc6a298000 	C:\WINDOWS\SYSTEM32\IPHLPAPI.DLL
0x00007ffc6e510000 - 0x00007ffc6e518000 	C:\WINDOWS\System32\NSI.dll
0x00007ffc638d0000 - 0x00007ffc638e6000 	C:\WINDOWS\SYSTEM32\dhcpcsvc6.DLL
0x00007ffc63e30000 - 0x00007ffc63e4a000 	C:\WINDOWS\SYSTEM32\dhcpcsvc.DLL
0x00007ffc67440000 - 0x00007ffc67464000 	C:\Program Files\Android\Android Studio1\jre\jre\bin\sunec.dll
0x00007ffc6a2a0000 - 0x00007ffc6a35e000 	C:\WINDOWS\SYSTEM32\DNSAPI.dll
0x00007ffc5fc50000 - 0x00007ffc5fc5a000 	C:\Windows\System32\rasadhlp.dll
0x00007ffc61ad0000 - 0x00007ffc61b42000 	C:\WINDOWS\System32\fwpuclnt.dll
0x00007ffc67430000 - 0x00007ffc6743b000 	C:\Program Files\Android\Android Studio1\jre\jre\bin\sunmscapi.dll
0x00007ffc6ba60000 - 0x00007ffc6bc42000 	C:\WINDOWS\System32\CRYPT32.dll
0x00007ffc6ace0000 - 0x00007ffc6acf2000 	C:\WINDOWS\System32\MSASN1.dll

VM Arguments:
jvm_args: -Xmx1536m -Dfile.encoding=windows-1252 -Duser.country=ES -Duser.language=es -Duser.variant 
java_command: org.gradle.launcher.daemon.bootstrap.GradleDaemon 4.10.1
java_class_path (initial): C:\Users\black\.gradle\wrapper\dists\gradle-4.10.1-all\455itskqi2qtf0v2sja68alqd\gradle-4.10.1\lib\gradle-launcher-4.10.1.jar
Launcher Type: SUN_STANDARD

Environment Variables:
JAVA_HOME=C:\Program Files\Java\jdk1.8.0_66
USERNAME=black
OS=Windows_NT
PROCESSOR_IDENTIFIER=Intel64 Family 6 Model 61 Stepping 4, GenuineIntel



---------------  S Y S T E M  ---------------

OS: Windows 10.0 , 64 bit Build 17134 (10.0.17134.1)

CPU:total 4 (initial active 4) (2 cores per cpu, 2 threads per core) family 6 model 61 stepping 4, cmov, cx8, fxsr, mmx, sse, sse2, sse3, ssse3, sse4.1, sse4.2, popcnt, avx, avx2, aes, clmul, erms, 3dnowpref, lzcnt, ht, tsc, tscinvbit, bmi1, bmi2, adx

Memory: 4k page, physical 8289364k(499060k free), swap 8289364k(6636k free)

vm_info: OpenJDK 64-Bit Server VM (25.152-b01) for windows-amd64 JRE (1.8.0_152-release-1248-b01), built by "builder" with MS VC++ 10.0 (VS2010)

time: Wed Feb 06 22:11:08 2019
elapsed time: 45 seconds (0d 0h 0m 45s)

